2025-03-19 05:18:34,140 - INFO - === Þirket Ýletiþim Bilgisi Toplama Baþlatýlýyor ===
2025-03-19 05:18:34,526 - INFO - Excel dosyasý okundu. Toplam 1082 kayýt.
2025-03-19 05:18:34,638 - INFO - Kayýtlý ilerleme bulundu. 1039. kayýttan devam ediliyor.
2025-03-19 05:18:34,638 - INFO - Kullanýlan proxy: 51.210.111.216:16466
2025-03-19 05:18:34,638 - WARNING - Opera GX belirtilen yolda bulunamadý: C:\Users\KULLANICI_ADI\AppData\Local\Programs\Opera GX\opera.exe
2025-03-19 05:18:34,639 - INFO - Sistem tarafýndan tespit edilebilen Opera GX kullanýlacak
2025-03-19 05:18:35,765 - INFO - Opera GX tarayýcýsý baþlatýldý (ChromeDriver ile)
2025-03-19 05:18:35,767 - INFO - Opera GX tarayýcýsý baþlatýldý.
2025-03-19 05:18:35,767 - INFO - Ýþlenecek 43 kayýt kaldý.
2025-03-19 05:18:35,769 - INFO - [1040/1082] Ýþleniyor: ÖZ MURAT PLASTÝK-RECEP KEMAL ÞÝRÝKOÐLU
2025-03-19 05:18:35,769 - INFO - Aranan þirket: ÖZ MURAT PLASTÝK-RECEP KEMAL ÞÝRÝKOÐLU
2025-03-19 05:18:51,167 - INFO - Çerez bildirimi bulunamadý veya zaten kabul edildi: Message: no such element: Unable to locate element: {"method":"xpath","selector":"//button[contains(text(), 'Accept all') or contains(text(), 'Kabul et') or contains(text(), 'I agree') or contains(text(), 'Akzeptieren')]"}
  (Session info: chrome=134.0.6998.89)
Stacktrace:
	GetHandleVerifier [0x00007FF65AF3FE45+26629]
	(No symbol) [0x00007FF65AEA6010]
	(No symbol) [0x00007FF65AD3931A]
	(No symbol) [0x00007FF65AD8F8E7]
	(No symbol) [0x00007FF65AD8FB1C]
	(No symbol) [0x00007FF65ADE34A7]
	(No symbol) [0x00007FF65ADB7AEF]
	(No symbol) [0x00007FF65ADE0169]
	(No symbol) [0x00007FF65ADB7883]
	(No symbol) [0x00007FF65AD80550]
	(No symbol) [0x00007FF65AD81803]
	GetHandleVerifier [0x00007FF65B2972BD+3529853]
	GetHandleVerifier [0x00007FF65B2ADA22+3621858]
	GetHandleVerifier [0x00007FF65B2A24D3+3575443]
	GetHandleVerifier [0x00007FF65B00B77A+860474]
	(No symbol) [0x00007FF65AEB088F]
	(No symbol) [0x00007FF65AEACBC4]
	(No symbol) [0x00007FF65AEACD66]
	(No symbol) [0x00007FF65AE9C2C9]
	BaseThreadInitThunk [0x00007FFE4E13E8D7+23]
	RtlUserThreadStart [0x00007FFE4EB3BF6C+44]

2025-03-19 05:18:51,176 - ERROR - Arama kutusu hatasý: Message: no such element: Unable to locate element: {"method":"css selector","selector":"[name="q"]"}
  (Session info: chrome=134.0.6998.89)
Stacktrace:
	GetHandleVerifier [0x00007FF65AF3FE45+26629]
	(No symbol) [0x00007FF65AEA6010]
	(No symbol) [0x00007FF65AD3931A]
	(No symbol) [0x00007FF65AD8F8E7]
	(No symbol) [0x00007FF65AD8FB1C]
	(No symbol) [0x00007FF65ADE34A7]
	(No symbol) [0x00007FF65ADB7AEF]
	(No symbol) [0x00007FF65ADE0169]
	(No symbol) [0x00007FF65ADB7883]
	(No symbol) [0x00007FF65AD80550]
	(No symbol) [0x00007FF65AD81803]
	GetHandleVerifier [0x00007FF65B2972BD+3529853]
	GetHandleVerifier [0x00007FF65B2ADA22+3621858]
	GetHandleVerifier [0x00007FF65B2A24D3+3575443]
	GetHandleVerifier [0x00007FF65B00B77A+860474]
	(No symbol) [0x00007FF65AEB088F]
	(No symbol) [0x00007FF65AEACBC4]
	(No symbol) [0x00007FF65AEACD66]
	(No symbol) [0x00007FF65AE9C2C9]
	BaseThreadInitThunk [0x00007FFE4E13E8D7+23]
	RtlUserThreadStart [0x00007FFE4EB3BF6C+44]

2025-03-19 05:18:51,220 - ERROR - Tüm arama kutusu seçicileri baþarýsýz oldu
2025-03-19 05:18:51,410 - INFO - Ýlerleme kaydedildi: 1040/1082
2025-03-19 05:18:51,411 - INFO - Sonraki þirket için 12.6 saniye bekleniyor...
2025-03-19 05:19:04,024 - INFO - [1041/1082] Ýþleniyor: ÖZ ÜÇ KARDEÞLER AYAKKABI VE HALI- ÖNDER ÞENDAL
2025-03-19 05:19:04,024 - INFO - Aranan þirket: ÖZ ÜÇ KARDEÞLER AYAKKABI VE HALI- ÖNDER ÞENDAL
2025-03-19 05:19:15,075 - INFO - Çerez bildirimi bulunamadý veya zaten kabul edildi: Message: no such element: Unable to locate element: {"method":"xpath","selector":"//button[contains(text(), 'Accept all') or contains(text(), 'Kabul et') or contains(text(), 'I agree') or contains(text(), 'Akzeptieren')]"}
  (Session info: chrome=134.0.6998.89)
Stacktrace:
	GetHandleVerifier [0x00007FF65AF3FE45+26629]
	(No symbol) [0x00007FF65AEA6010]
	(No symbol) [0x00007FF65AD3931A]
	(No symbol) [0x00007FF65AD8F8E7]
	(No symbol) [0x00007FF65AD8FB1C]
	(No symbol) [0x00007FF65ADE34A7]
	(No symbol) [0x00007FF65ADB7AEF]
	(No symbol) [0x00007FF65ADE0169]
	(No symbol) [0x00007FF65ADB7883]
	(No symbol) [0x00007FF65AD80550]
	(No symbol) [0x00007FF65AD81803]
	GetHandleVerifier [0x00007FF65B2972BD+3529853]
	GetHandleVerifier [0x00007FF65B2ADA22+3621858]
	GetHandleVerifier [0x00007FF65B2A24D3+3575443]
	GetHandleVerifier [0x00007FF65B00B77A+860474]
	(No symbol) [0x00007FF65AEB088F]
	(No symbol) [0x00007FF65AEACBC4]
	(No symbol) [0x00007FF65AEACD66]
	(No symbol) [0x00007FF65AE9C2C9]
	BaseThreadInitThunk [0x00007FFE4E13E8D7+23]
	RtlUserThreadStart [0x00007FFE4EB3BF6C+44]

2025-03-19 05:19:15,079 - ERROR - Arama kutusu hatasý: Message: no such element: Unable to locate element: {"method":"css selector","selector":"[name="q"]"}
  (Session info: chrome=134.0.6998.89)
Stacktrace:
	GetHandleVerifier [0x00007FF65AF3FE45+26629]
	(No symbol) [0x00007FF65AEA6010]
	(No symbol) [0x00007FF65AD3931A]
	(No symbol) [0x00007FF65AD8F8E7]
	(No symbol) [0x00007FF65AD8FB1C]
	(No symbol) [0x00007FF65ADE34A7]
	(No symbol) [0x00007FF65ADB7AEF]
	(No symbol) [0x00007FF65ADE0169]
	(No symbol) [0x00007FF65ADB7883]
	(No symbol) [0x00007FF65AD80550]
	(No symbol) [0x00007FF65AD81803]
	GetHandleVerifier [0x00007FF65B2972BD+3529853]
	GetHandleVerifier [0x00007FF65B2ADA22+3621858]
	GetHandleVerifier [0x00007FF65B2A24D3+3575443]
	GetHandleVerifier [0x00007FF65B00B77A+860474]
	(No symbol) [0x00007FF65AEB088F]
	(No symbol) [0x00007FF65AEACBC4]
	(No symbol) [0x00007FF65AEACD66]
	(No symbol) [0x00007FF65AE9C2C9]
	BaseThreadInitThunk [0x00007FFE4E13E8D7+23]
	RtlUserThreadStart [0x00007FFE4EB3BF6C+44]

2025-03-19 05:19:15,100 - ERROR - Tüm arama kutusu seçicileri baþarýsýz oldu
2025-03-19 05:19:15,237 - INFO - Ýlerleme kaydedildi: 1041/1082
2025-03-19 05:19:15,237 - INFO - Sonraki þirket için 12.8 saniye bekleniyor...
2025-03-19 05:19:24,420 - WARNING - Retrying (Retry(total=2, connect=None, read=None, redirect=None, status=None)) after connection broken by 'ProtocolError('Connection aborted.', ConnectionResetError(10054, 'Varolan bir baðlantý uzaktaki bir ana bilgisayar tarafýndan zorla kapatýldý', None, 10054, None))': /session/ba8b54286091da3db400c763906d1e40
