2025-03-18 01:31:56,274 - INFO - === Basitleþtirilmiþ Þirket Ýletiþim Bilgisi Toplama Baþlatýlýyor ===
2025-03-18 01:31:56,665 - INFO - Excel dosyasý okundu. Toplam 273 kayýt.
2025-03-18 01:31:56,724 - ERROR - GeckoDriverManager hatasý: No module named 'webdriver_manager'
2025-03-18 01:31:56,725 - INFO - Manuel sürücü yöntemi deneniyor...
2025-03-18 01:32:03,193 - INFO - Firefox tarayýcýsý baþlatýldý.
2025-03-18 01:32:03,208 - INFO - Ýþlenecek 273 kayýt kaldý.
2025-03-18 01:32:03,210 - INFO - [1/273] Ýþleniyor: ACO-TEC
2025-03-18 01:32:03,211 - INFO - Aranan þirket: ACO-TEC
2025-03-18 01:32:07,701 - ERROR - Web sitesi arama hatasý: 'WebElement' object has no attribute 'send'
2025-03-18 01:32:07,702 - INFO - Sonraki þirket için 8.4 saniye bekleniyor...
2025-03-18 01:32:16,141 - INFO - [2/273] Ýþleniyor: ADPLA SP. Z O.O. POLSKA
2025-03-18 01:32:16,141 - INFO - Aranan þirket: ADPLA SP. Z O.O. POLSKA
2025-03-18 01:32:18,744 - ERROR - Web sitesi arama hatasý: 'WebElement' object has no attribute 'send'
2025-03-18 01:32:18,744 - INFO - Sonraki þirket için 9.8 saniye bekleniyor...
2025-03-18 01:32:28,517 - INFO - [3/273] Ýþleniyor: AEDMAX.PL SP. Z O.O.
2025-03-18 01:32:28,518 - INFO - Aranan þirket: AEDMAX.PL SP. Z O.O.
2025-03-18 01:32:33,320 - ERROR - Web sitesi arama hatasý: 'WebElement' object has no attribute 'send'
2025-03-18 01:32:33,321 - INFO - Sonraki þirket için 10.4 saniye bekleniyor...
2025-03-18 01:32:43,763 - INFO - [4/273] Ýþleniyor: ALBA & N.
2025-03-18 01:32:43,763 - INFO - Aranan þirket: ALBA & N.
2025-03-18 01:32:46,153 - ERROR - Web sitesi arama hatasý: 'WebElement' object has no attribute 'send'
2025-03-18 01:32:46,154 - INFO - Sonraki þirket için 11.3 saniye bekleniyor...
2025-03-18 01:32:57,425 - INFO - [5/273] Ýþleniyor: ALEDO.SK S.R.O.
2025-03-18 01:32:57,426 - INFO - Aranan þirket: ALEDO.SK S.R.O.
2025-03-18 01:33:00,019 - ERROR - Web sitesi arama hatasý: 'WebElement' object has no attribute 'send'
2025-03-18 01:33:00,182 - INFO - Ýlerleme kaydedildi: 5/273
2025-03-18 01:33:00,182 - INFO - Sonraki þirket için 9.4 saniye bekleniyor...
2025-03-18 01:33:09,573 - INFO - [6/273] Ýþleniyor: ALFA I OMEGA SP. Z O. O. SP. K.
2025-03-18 01:33:09,573 - INFO - Aranan þirket: ALFA I OMEGA SP. Z O. O. SP. K.
2025-03-18 01:33:13,735 - ERROR - Web sitesi arama hatasý: 'WebElement' object has no attribute 'send'
2025-03-18 01:33:13,736 - INFO - Sonraki þirket için 11.9 saniye bekleniyor...
2025-03-18 01:33:25,683 - INFO - [7/273] Ýþleniyor: ALSICO Czechia s.r.o. CZECHY
2025-03-18 01:33:25,683 - INFO - Aranan þirket: ALSICO Czechia s.r.o. CZECHY
2025-03-18 01:33:29,694 - ERROR - Web sitesi arama hatasý: 'WebElement' object has no attribute 'send'
2025-03-18 01:33:29,694 - INFO - Sonraki þirket için 10.2 saniye bekleniyor...
2025-03-18 01:33:39,848 - INFO - [8/273] Ýþleniyor: AMERICAN SAFETY POWER TOOL LTD
2025-03-18 01:33:39,849 - INFO - Aranan þirket: AMERICAN SAFETY POWER TOOL LTD
2025-03-18 01:33:43,800 - ERROR - Web sitesi arama hatasý: 'WebElement' object has no attribute 'send'
2025-03-18 01:33:43,801 - INFO - Sonraki þirket için 11.6 saniye bekleniyor...
2025-03-18 01:33:55,445 - INFO - [9/273] Ýþleniyor: AMPERE POLSKA SP. Z O.O.
2025-03-18 01:33:55,446 - INFO - Aranan þirket: AMPERE POLSKA SP. Z O.O.
2025-03-18 01:33:58,489 - ERROR - Web sitesi arama hatasý: 'WebElement' object has no attribute 'send'
2025-03-18 01:33:58,489 - INFO - Sonraki þirket için 9.9 saniye bekleniyor...
2025-03-18 01:34:08,439 - INFO - [10/273] Ýþleniyor: ANRO FIRMA POLIGRAFICZNO-HANDLOWA SP. Z O.O.
2025-03-18 01:34:08,439 - INFO - Aranan þirket: ANRO FIRMA POLIGRAFICZNO-HANDLOWA SP. Z O.O.
2025-03-18 01:34:12,415 - ERROR - Web sitesi arama hatasý: 'WebElement' object has no attribute 'send'
2025-03-18 01:34:12,524 - INFO - Ýlerleme kaydedildi: 10/273
2025-03-18 01:34:12,524 - INFO - Sonraki þirket için 10.8 saniye bekleniyor...
2025-03-18 01:34:23,298 - INFO - [11/273] Ýþleniyor: Anter System Polska Sp. z o.o.
2025-03-18 01:34:23,298 - INFO - Aranan þirket: Anter System Polska Sp. z o.o.
2025-03-18 01:34:27,448 - ERROR - Web sitesi arama hatasý: 'WebElement' object has no attribute 'send'
2025-03-18 01:34:27,448 - INFO - Sonraki þirket için 10.0 saniye bekleniyor...
2025-03-18 01:34:42,140 - ERROR - Web sitesi arama hatasý: 'WebElement' object has no attribute 'send'
2025-03-18 01:34:42,141 - INFO - Sonraki þirket için 9.2 saniye bekleniyor...
2025-03-18 01:34:53,094 - WARNING - Retrying (Retry(total=2, connect=None, read=None, redirect=None, status=None)) after connection broken by 'ProtocolError('Connection aborted.', ConnectionResetError(10054, 'Varolan bir baðlantý uzaktaki bir ana bilgisayar tarafýndan zorla kapatýldý', None, 10054, None))': /session/be7b0c2a-c165-426e-befa-8b7e9dd33f74
